Jan 17, 2020 1:53:18 PM org.apache.karaf.main.Main launch
INFO: Installing and starting initial bundles
Jan 17, 2020 1:53:18 PM org.apache.karaf.main.Main launch
INFO: All initial bundles installed and set to start
Jan 17, 2020 1:53:19 PM org.apache.karaf.main.Main$KarafLockCallback lockAcquired
INFO: Lock acquired. Setting startlevel to 100
Jan 17, 2020 2:04:09 PM org.apache.karaf.main.Main launch
INFO: Installing and starting initial bundles
Jan 17, 2020 2:04:10 PM org.apache.karaf.main.Main launch
INFO: All initial bundles installed and set to start
Jan 17, 2020 2:04:10 PM org.apache.karaf.main.Main$KarafLockCallback lockAcquired
INFO: Lock acquired. Setting startlevel to 100
Jan 17, 2020 2:19:53 PM org.apache.karaf.main.Main launch
INFO: Installing and starting initial bundles
Jan 17, 2020 2:19:53 PM org.apache.karaf.main.Main launch
INFO: All initial bundles installed and set to start
Jan 17, 2020 2:19:53 PM org.apache.karaf.main.Main$KarafLockCallback lockAcquired
INFO: Lock acquired. Setting startlevel to 100
Jan 17, 2020 2:21:36 PM org.apache.karaf.main.Main launch
INFO: Installing and starting initial bundles
Jan 17, 2020 2:21:36 PM org.apache.karaf.main.Main launch
INFO: All initial bundles installed and set to start
Jan 17, 2020 2:21:36 PM org.apache.karaf.main.Main$KarafLockCallback lockAcquired
INFO: Lock acquired. Setting startlevel to 100
